<?xml version="1.0" encoding="UTF-8"?>
<testng-results skipped="0" failed="1" ignored="0" total="1" passed="0">
  <reporter-output>
  </reporter-output>
  <suite name="Regression Test Suite" duration-ms="24544" started-at="2020-04-19T15:38:23Z" finished-at="2020-04-19T15:38:47Z">
    <groups>
    </groups>
    <test name="Regression Test" duration-ms="24544" started-at="2020-04-19T15:38:23Z" finished-at="2020-04-19T15:38:47Z">
      <class name="in.co.mercuryTravel.tests.MercuryTravelTestcases">
        <test-method status="PASS" signature="preSetup()[pri:0, instance:in.co.mercuryTravel.tests.MercuryTravelTestcases@71423665]" name="preSetup" is-config="true" duration-ms="330" started-at="2020-04-19T15:38:22Z" finished-at="2020-04-19T15:38:23Z">
          <reporter-output>
          </reporter-output>
        </test-method> <!-- preSetup -->
        <test-method status="PASS" signature="setup()[pri:0, instance:in.co.mercuryTravel.tests.MercuryTravelTestcases@71423665]" name="setup" is-config="true" duration-ms="13613" started-at="2020-04-19T15:38:23Z" finished-at="2020-04-19T15:38:36Z">
          <reporter-output>
          </reporter-output>
        </test-method> <!-- setup -->
        <test-method status="FAIL" signature="verifyUserLoginWithCorrectCredentials()[pri:0, instance:in.co.mercuryTravel.tests.MercuryTravelTestcases@71423665]" name="verifyUserLoginWithCorrectCredentials" duration-ms="8551" started-at="2020-04-19T15:38:36Z" finished-at="2020-04-19T15:38:45Z">
          <exception class="java.lang.AssertionError">
            <message>
              <![CDATA[expected [Welcome, Saurabh 1] but found [Welcome, Saurabh]]]>
            </message>
            <full-stacktrace>
              <![CDATA[java.lang.AssertionError: expected [Welcome, Saurabh 1] but found [Welcome, Saurabh]
at org.testng.Assert.fail(Assert.java:96)
at org.testng.Assert.failNotEquals(Assert.java:776)
at org.testng.Assert.assertEqualsImpl(Assert.java:137)
at org.testng.Assert.assertEquals(Assert.java:118)
at org.testng.Assert.assertEquals(Assert.java:453)
at org.testng.Assert.assertEquals(Assert.java:463)
at in.co.mercuryTravel.tests.MercuryTravelTestcases.verifyUserLoginWithCorrectCredentials(MercuryTravelTestcases.java:28)
at sun.reflect.NativeMethodAccessorImpl.invoke0(Native Method)
at sun.reflect.NativeMethodAccessorImpl.invoke(Unknown Source)
at sun.reflect.DelegatingMethodAccessorImpl.invoke(Unknown Source)
at java.lang.reflect.Method.invoke(Unknown Source)
at org.testng.internal.MethodInvocationHelper.invokeMethod(MethodInvocationHelper.java:124)
at org.testng.internal.Invoker.invokeMethod(Invoker.java:583)
at org.testng.internal.Invoker.invokeTestMethod(Invoker.java:719)
at org.testng.internal.Invoker.invokeTestMethods(Invoker.java:989)
at org.testng.internal.TestMethodWorker.invokeTestMethods(TestMethodWorker.java:125)
at org.testng.internal.TestMethodWorker.run(TestMethodWorker.java:109)
at org.testng.TestRunner.privateRun(TestRunner.java:648)
at org.testng.TestRunner.run(TestRunner.java:505)
at org.testng.SuiteRunner.runTest(SuiteRunner.java:455)
at org.testng.SuiteRunner.runSequentially(SuiteRunner.java:450)
at org.testng.SuiteRunner.privateRun(SuiteRunner.java:415)
at org.testng.SuiteRunner.run(SuiteRunner.java:364)
at org.testng.SuiteRunnerWorker.runSuite(SuiteRunnerWorker.java:52)
at org.testng.SuiteRunnerWorker.run(SuiteRunnerWorker.java:84)
at org.testng.TestNG.runSuitesSequentially(TestNG.java:1208)
at org.testng.TestNG.runSuitesLocally(TestNG.java:1137)
at org.testng.TestNG.runSuites(TestNG.java:1049)
at org.testng.TestNG.run(TestNG.java:1017)
at org.testng.remote.AbstractRemoteTestNG.run(AbstractRemoteTestNG.java:132)
at org.testng.remote.RemoteTestNG.initAndRun(RemoteTestNG.java:230)
at org.testng.remote.RemoteTestNG.main(RemoteTestNG.java:76)
]]>
            </full-stacktrace>
          </exception> <!-- java.lang.AssertionError -->
          <reporter-output>
          </reporter-output>
        </test-method> <!-- verifyUserLoginWithCorrectCredentials -->
        <test-method status="PASS" signature="afterMethod(org.testng.ITestResult)[pri:0, instance:in.co.mercuryTravel.tests.MercuryTravelTestcases@71423665]" name="afterMethod" is-config="true" duration-ms="1157" started-at="2020-04-19T15:38:45Z" finished-at="2020-04-19T15:38:46Z">
          <params>
            <param index="0">
              <value>
                <![CDATA[[TestResult name=verifyUserLoginWithCorrectCredentials status=FAILURE method=MercuryTravelTestcases.verifyUserLoginWithCorrectCredentials()[pri:0, instance:in.co.mercuryTravel.tests.MercuryTravelTestcases@71423665] output={null}]]]>
              </value>
            </param>
          </params>
          <reporter-output>
          </reporter-output>
        </test-method> <!-- afterMethod -->
        <test-method status="PASS" signature="cleanUp()[pri:0, instance:in.co.mercuryTravel.tests.MercuryTravelTestcases@71423665]" name="cleanUp" is-config="true" duration-ms="1169" started-at="2020-04-19T15:38:46Z" finished-at="2020-04-19T15:38:47Z">
          <reporter-output>
          </reporter-output>
        </test-method> <!-- cleanUp -->
        <test-method status="PASS" signature="postCleanUp()[pri:0, instance:in.co.mercuryTravel.tests.MercuryTravelTestcases@71423665]" name="postCleanUp" is-config="true" duration-ms="649" started-at="2020-04-19T15:38:47Z" finished-at="2020-04-19T15:38:48Z">
          <reporter-output>
          </reporter-output>
        </test-method> <!-- postCleanUp -->
      </class> <!-- in.co.mercuryTravel.tests.MercuryTravelTestcases -->
    </test> <!-- Regression Test -->
  </suite> <!-- Regression Test Suite -->
</testng-results>
